2015/03/08 17:34:51 [error] [exception.CHttpException.404] exception 'CHttpException' with message 'The system is unable to find the requested action "index?r=gii".' in D:\xampp\htdocs\yii\framework\web\CController.php:483
Stack trace:
#0 D:\xampp\htdocs\yii\framework\web\CController.php(270): CController->missingAction('index?r=gii')
#1 D:\xampp\htdocs\yii\framework\web\CWebApplication.php(282): CController->run('index?r=gii')
#2 D:\xampp\htdocs\yii\framework\web\CWebApplication.php(141): CWebApplication->runController('site/index?r=gi...')
#3 D:\xampp\htdocs\yii\framework\base\CApplication.php(184): CWebApplication->processRequest()
#4 D:\xampp\htdocs\recipe\index.php(13): CApplication->run()
#5 {main}
REQUEST_URI=/recipe/index.php?r=site/index?r=gii
---
2015/03/08 17:41:07 [error] [exception.CDbException] exception 'CDbException' with message 'CDbConnection failed to open the DB connection: could not find driver' in D:\xampp\htdocs\yii\framework\db\CDbConnection.php:399
Stack trace:
#0 D:\xampp\htdocs\yii\framework\db\CDbConnection.php(347): CDbConnection->open()
#1 D:\xampp\htdocs\yii\framework\db\CDbConnection.php(325): CDbConnection->setActive(true)
#2 D:\xampp\htdocs\yii\framework\base\CModule.php(394): CDbConnection->init()
#3 D:\xampp\htdocs\yii\framework\base\CModule.php(103): CModule->getComponent('db')
#4 D:\xampp\htdocs\yii\framework\gii\generators\model\ModelCode.php(60): CModule->__get('db')
#5 D:\xampp\htdocs\yii\framework\web\CFormModel.php(39): ModelCode->init()
#6 D:\xampp\htdocs\yii\framework\gii\CCodeGenerator.php(153): CFormModel->__construct()
#7 D:\xampp\htdocs\yii\framework\gii\CCodeGenerator.php(63): CCodeGenerator->prepare()
#8 D:\xampp\htdocs\yii\framework\web\actions\CInlineAction.php(49): CCodeGenerator->actionIndex()
#9 D:\xampp\htdocs\yii\framework\web\CController.php(308): CInlineAction->runWithParams(Array)
#10 D:\xampp\htdocs\yii\framework\web\CController.php(286): CController->runAction(Object(CInlineAction))
#11 D:\xampp\htdocs\yii\framework\web\CController.php(265): CController->runActionWithFilters(Object(CInlineAction), Array)
#12 D:\xampp\htdocs\yii\framework\web\CWebApplication.php(282): CController->run('index')
#13 D:\xampp\htdocs\yii\framework\web\CWebApplication.php(141): CWebApplication->runController('gii/model/index')
#14 D:\xampp\htdocs\yii\framework\base\CApplication.php(184): CWebApplication->processRequest()
#15 D:\xampp\htdocs\recipe\index.php(13): CApplication->run()
#16 {main}
REQUEST_URI=/recipe/index.php?r=gii/model/index
HTTP_REFERER=http://localhost/recipe/index.php?r=gii/controller/index
---
2015/03/08 17:41:17 [error] [exception.CDbException] exception 'CDbException' with message 'CDbConnection failed to open the DB connection: could not find driver' in D:\xampp\htdocs\yii\framework\db\CDbConnection.php:399
Stack trace:
#0 D:\xampp\htdocs\yii\framework\db\CDbConnection.php(347): CDbConnection->open()
#1 D:\xampp\htdocs\yii\framework\db\CDbConnection.php(325): CDbConnection->setActive(true)
#2 D:\xampp\htdocs\yii\framework\base\CModule.php(394): CDbConnection->init()
#3 D:\xampp\htdocs\yii\framework\base\CModule.php(103): CModule->getComponent('db')
#4 D:\xampp\htdocs\yii\framework\gii\generators\model\ModelCode.php(60): CModule->__get('db')
#5 D:\xampp\htdocs\yii\framework\web\CFormModel.php(39): ModelCode->init()
#6 D:\xampp\htdocs\yii\framework\gii\CCodeGenerator.php(153): CFormModel->__construct()
#7 D:\xampp\htdocs\yii\framework\gii\CCodeGenerator.php(63): CCodeGenerator->prepare()
#8 D:\xampp\htdocs\yii\framework\web\actions\CInlineAction.php(49): CCodeGenerator->actionIndex()
#9 D:\xampp\htdocs\yii\framework\web\CController.php(308): CInlineAction->runWithParams(Array)
#10 D:\xampp\htdocs\yii\framework\web\CController.php(286): CController->runAction(Object(CInlineAction))
#11 D:\xampp\htdocs\yii\framework\web\CController.php(265): CController->runActionWithFilters(Object(CInlineAction), Array)
#12 D:\xampp\htdocs\yii\framework\web\CWebApplication.php(282): CController->run('index')
#13 D:\xampp\htdocs\yii\framework\web\CWebApplication.php(141): CWebApplication->runController('gii/model/index')
#14 D:\xampp\htdocs\yii\framework\base\CApplication.php(184): CWebApplication->processRequest()
#15 D:\xampp\htdocs\recipe\index.php(13): CApplication->run()
#16 {main}
REQUEST_URI=/recipe/index.php?r=gii/model/index
HTTP_REFERER=http://localhost/recipe/index.php?r=gii/module/index
---
2015/03/08 17:48:29 [error] [exception.CDbException] exception 'CDbException' with message 'CDbConnection failed to open the DB connection: could not find driver' in D:\xampp\htdocs\yii\framework\db\CDbConnection.php:399
Stack trace:
#0 D:\xampp\htdocs\yii\framework\db\CDbConnection.php(347): CDbConnection->open()
#1 D:\xampp\htdocs\yii\framework\db\CDbConnection.php(325): CDbConnection->setActive(true)
#2 D:\xampp\htdocs\yii\framework\base\CModule.php(394): CDbConnection->init()
#3 D:\xampp\htdocs\yii\framework\base\CModule.php(103): CModule->getComponent('db')
#4 D:\xampp\htdocs\yii\framework\gii\generators\model\ModelCode.php(60): CModule->__get('db')
#5 D:\xampp\htdocs\yii\framework\web\CFormModel.php(39): ModelCode->init()
#6 D:\xampp\htdocs\yii\framework\gii\CCodeGenerator.php(153): CFormModel->__construct()
#7 D:\xampp\htdocs\yii\framework\gii\CCodeGenerator.php(63): CCodeGenerator->prepare()
#8 D:\xampp\htdocs\yii\framework\web\actions\CInlineAction.php(49): CCodeGenerator->actionIndex()
#9 D:\xampp\htdocs\yii\framework\web\CController.php(308): CInlineAction->runWithParams(Array)
#10 D:\xampp\htdocs\yii\framework\web\CController.php(286): CController->runAction(Object(CInlineAction))
#11 D:\xampp\htdocs\yii\framework\web\CController.php(265): CController->runActionWithFilters(Object(CInlineAction), Array)
#12 D:\xampp\htdocs\yii\framework\web\CWebApplication.php(282): CController->run('index')
#13 D:\xampp\htdocs\yii\framework\web\CWebApplication.php(141): CWebApplication->runController('gii/model/index')
#14 D:\xampp\htdocs\yii\framework\base\CApplication.php(184): CWebApplication->processRequest()
#15 D:\xampp\htdocs\recipe\index.php(13): CApplication->run()
#16 {main}
REQUEST_URI=/recipe/index.php?r=gii/model/index
HTTP_REFERER=http://localhost/recipe/index.php?r=gii/form/index
---
